<?xml version="1.0" encoding="UTF-8"?>
<testsuites>
  <testsuite name="fastlane.lanes">
    
    
    
      
      <testcase classname="fastlane.lanes" name="0: default_platform" time="0.0016529">
        
      </testcase>
    
      
      <testcase classname="fastlane.lanes" name="1: test" time="3.4002325">
        
          <failure message="C:/Ruby30-x64/lib/ruby/gems/3.0.0/gems/fastlane-2.197.0/fastlane/lib/fastlane/actions/actions_helper.rb:67:in `execute_action&apos;&#10;C:/Ruby30-x64/lib/ruby/gems/3.0.0/gems/fastlane-2.197.0/fastlane/lib/fastlane/runner.rb:255:in `block in execute_action&apos;&#10;C:/Ruby30-x64/lib/ruby/gems/3.0.0/gems/fastlane-2.197.0/fastlane/lib/fastlane/runner.rb:229:in `chdir&apos;&#10;C:/Ruby30-x64/lib/ruby/gems/3.0.0/gems/fastlane-2.197.0/fastlane/lib/fastlane/runner.rb:229:in `execute_action&apos;&#10;C:/Ruby30-x64/lib/ruby/gems/3.0.0/gems/fastlane-2.197.0/fastlane/lib/fastlane/runner.rb:157:in `trigger_action_by_name&apos;&#10;C:/Ruby30-x64/lib/ruby/gems/3.0.0/gems/fastlane-2.197.0/fastlane/lib/fastlane/fast_file.rb:159:in `method_missing&apos;&#10;Fastfile:6:in `block (2 levels) in parsing_binding&apos;&#10;C:/Ruby30-x64/lib/ruby/gems/3.0.0/gems/fastlane-2.197.0/fastlane/lib/fastlane/lane.rb:33:in `call&apos;&#10;C:/Ruby30-x64/lib/ruby/gems/3.0.0/gems/fastlane-2.197.0/fastlane/lib/fastlane/runner.rb:49:in `block in execute&apos;&#10;C:/Ruby30-x64/lib/ruby/gems/3.0.0/gems/fastlane-2.197.0/fastlane/lib/fastlane/runner.rb:45:in `chdir&apos;&#10;C:/Ruby30-x64/lib/ruby/gems/3.0.0/gems/fastlane-2.197.0/fastlane/lib/fastlane/runner.rb:45:in `execute&apos;&#10;C:/Ruby30-x64/lib/ruby/gems/3.0.0/gems/fastlane-2.197.0/fastlane/lib/fastlane/lane_manager.rb:47:in `cruise_lane&apos;&#10;C:/Ruby30-x64/lib/ruby/gems/3.0.0/gems/fastlane-2.197.0/fastlane/lib/fastlane/command_line_handler.rb:36:in `handle&apos;&#10;C:/Ruby30-x64/lib/ruby/gems/3.0.0/gems/fastlane-2.197.0/fastlane/lib/fastlane/commands_generator.rb:109:in `block (2 levels) in run&apos;&#10;C:/Ruby30-x64/lib/ruby/gems/3.0.0/gems/commander-4.6.0/lib/commander/command.rb:187:in `call&apos;&#10;C:/Ruby30-x64/lib/ruby/gems/3.0.0/gems/commander-4.6.0/lib/commander/command.rb:157:in `run&apos;&#10;C:/Ruby30-x64/lib/ruby/gems/3.0.0/gems/commander-4.6.0/lib/commander/runner.rb:444:in `run_active_command&apos;&#10;C:/Ruby30-x64/lib/ruby/gems/3.0.0/gems/fastlane-2.197.0/fastlane_core/lib/fastlane_core/ui/fastlane_runner.rb:117:in `run!&apos;&#10;C:/Ruby30-x64/lib/ruby/gems/3.0.0/gems/commander-4.6.0/lib/commander/delegates.rb:18:in `run!&apos;&#10;C:/Ruby30-x64/lib/ruby/gems/3.0.0/gems/fastlane-2.197.0/fastlane/lib/fastlane/commands_generator.rb:353:in `run&apos;&#10;C:/Ruby30-x64/lib/ruby/gems/3.0.0/gems/fastlane-2.197.0/fastlane/lib/fastlane/commands_generator.rb:42:in `start&apos;&#10;C:/Ruby30-x64/lib/ruby/gems/3.0.0/gems/fastlane-2.197.0/fastlane/lib/fastlane/cli_tools_distributor.rb:122:in `take_off&apos;&#10;C:/Ruby30-x64/lib/ruby/gems/3.0.0/gems/fastlane-2.197.0/bin/fastlane:23:in `&lt;top (required)&gt;&apos;&#10;C:/Ruby30-x64/bin/fastlane:23:in `load&apos;&#10;C:/Ruby30-x64/bin/fastlane:23:in `&lt;main&gt;&apos;&#10;&#10;Exit status of command &apos;X:/multi_app_flutter/android/gradlew test -p .&apos; was 1 instead of 0.&#10;&#10;&gt; Task :app:compileFlutterBuildFirstappDebug FAILED&#10;Error: Error when reading &apos;lib/main.dart&apos;: Не удается найти указанный файл.&#10;&#10;package:multi_app_flutter/main.dart: Error: No &apos;main&apos; method found.&#10;Try adding a method named &apos;main&apos; to your program.&#10;&#10;&#10;FAILURE: Build failed with an exception.&#10;&#10;* Where:&#10;Script &apos;C:\Program Files\flutter\packages\flutter_tools\gradle\flutter.gradle&apos; line: 1005&#10;&#10;* What went wrong:&#10;Execution failed for task &apos;:app:compileFlutterBuildFirstappDebug&apos;.&#10;&gt; Process &apos;command &apos;C:\Program Files\flutter\bin\flutter.bat&apos;&apos; finished with non-zero exit value 1&#10;&#10;* Try:&#10;Run with --stacktrace option to get the stack trace. Run with --info or --debug option to get more log output. Run with --scan to get full insights.&#10;&#10;* Get more help at https://help.gradle.org&#10;&#10;Deprecated Gradle features were used in this build, making it incompatible with Gradle 7.0.&#10;Use &apos;--warning-mode all&apos; to show the individual deprecation warnings.&#10;See https://docs.gradle.org/6.7/userguide/command_line_interface.html#sec:command_line_warnings&#10;&#10;BUILD FAILED in 2s&#10;1 actionable task: 1 executed&#10;" />
        
      </testcase>
    
  </testsuite>
</testsuites>
